\BOOKMARK [1][-]{section.1}{Notation and Equations}{}% 1
\BOOKMARK [2][-]{subsection.1.1}{Notation}{section.1}% 2
\BOOKMARK [2][-]{subsection.1.2}{General Equations}{section.1}% 3
\BOOKMARK [1][-]{section.2}{Boolean Algebra}{}% 4
\BOOKMARK [2][-]{subsection.2.1}{Trivial identities of Boolean algebra}{section.2}% 5
\BOOKMARK [1][-]{section.3}{The quantitative rules}{}% 6
\BOOKMARK [2][-]{subsection.3.1}{EXAMPLE: Bernoulli urn}{section.3}% 7
\BOOKMARK [1][-]{section.4}{Elementary sampling theory}{}% 8
\BOOKMARK [2][-]{subsection.4.1}{Sampling without replacement}{section.4}% 9
\BOOKMARK [2][-]{subsection.4.2}{Logic vs Propensity}{section.4}% 10
\BOOKMARK [2][-]{subsection.4.3}{Expectations}{section.4}% 11
\BOOKMARK [2][-]{subsection.4.4}{Binomial Distribution}{section.4}% 12
\BOOKMARK [2][-]{subsection.4.5}{Sampling with replacement}{section.4}% 13
\BOOKMARK [1][-]{section.5}{Elementary hypothesis testing}{}% 14
\BOOKMARK [2][-]{subsection.5.1}{Prior probabilities}{section.5}% 15
\BOOKMARK [2][-]{subsection.5.2}{Testing binary hypotheses with binary data}{section.5}% 16
\BOOKMARK [2][-]{subsection.5.3}{Noextensibility beyond the binary case}{section.5}% 17
\BOOKMARK [2][-]{subsection.5.4}{Multiple hypothesis testing}{section.5}% 18
\BOOKMARK [2][-]{subsection.5.5}{Continuous probability distribution functions}{section.5}% 19
\BOOKMARK [2][-]{subsection.5.6}{Testing an infinite set of hypotheses}{section.5}% 20
\BOOKMARK [2][-]{subsection.5.7}{Simple and compound hypotheses}{section.5}% 21
\BOOKMARK [1][-]{section.6}{Elementary parameter estimation}{}% 22
\BOOKMARK [2][-]{subsection.6.1}{Inversion of the urn distributions}{section.6}% 23
\BOOKMARK [2][-]{subsection.6.2}{Continuous parameter estimation}{section.6}% 24
\BOOKMARK [2][-]{subsection.6.3}{Effects of qualitative prior information}{section.6}% 25
\BOOKMARK [1][-]{section.7}{The central, Gaussian, or normal distribution}{}% 26
\BOOKMARK [2][-]{subsection.7.1}{The gravitating phenomenon}{section.7}% 27
\BOOKMARK [2][-]{subsection.7.2}{Why the ubiquitous use of Gaussian distributions?}{section.7}% 28
\BOOKMARK [2][-]{subsection.7.3}{Nuisance parameters as safety devices}{section.7}% 29
\BOOKMARK [2][-]{subsection.7.4}{Convolution of Gaussians}{section.7}% 30
\BOOKMARK [2][-]{subsection.7.5}{An aside: cumulants}{section.7}% 31
\BOOKMARK [2][-]{subsection.7.6}{The central limit theorem}{section.7}% 32
\BOOKMARK [1][-]{section.8}{Sufficiency, ancillarity, and all that}{}% 33
\BOOKMARK [2][-]{subsection.8.1}{Sufficiency}{section.8}% 34
\BOOKMARK [2][-]{subsection.8.2}{Ancillarity}{section.8}% 35
\BOOKMARK [2][-]{subsection.8.3}{Combining evidence from different sources}{section.8}% 36
\BOOKMARK [2][-]{subsection.8.4}{A folk theorem}{section.8}% 37
\BOOKMARK [1][-]{section.9}{Repetitive experiments: probability and frequency}{}% 38
\BOOKMARK [2][-]{subsection.9.1}{Physical experiments}{section.9}% 39
\BOOKMARK [2][-]{subsection.9.2}{Induction}{section.9}% 40
\BOOKMARK [2][-]{subsection.9.3}{Multiplicity}{section.9}% 41
\BOOKMARK [2][-]{subsection.9.4}{Significance tests}{section.9}% 42
\BOOKMARK [1][-]{section.10}{Discrete prior probabilities: the entropy principle}{}% 43
\BOOKMARK [2][-]{subsection.10.1}{A new kind of prior information}{section.10}% 44
\BOOKMARK [1][-]{section.11}{Ignorance priors and transformation groups}{}% 45
\BOOKMARK [2][-]{subsection.11.1}{Continuous distributions}{section.11}% 46
\BOOKMARK [2][-]{subsection.11.2}{Aside on assigning priors}{section.11}% 47
\BOOKMARK [2][-]{subsection.11.3}{Transformation groups}{section.11}% 48
\BOOKMARK [1][-]{section.12}{Decision theory, historical background}{}% 49
\BOOKMARK [2][-]{subsection.12.1}{Inference vs. decision}{section.12}% 50
\BOOKMARK [2][-]{subsection.12.2}{Wald's decision theory}{section.12}% 51
\BOOKMARK [2][-]{subsection.12.3}{General decision theory}{section.12}% 52
\BOOKMARK [1][-]{section.13}{Simple applications of decision theory}{}% 53
\BOOKMARK [2][-]{subsection.13.1}{Definitions and preliminaries}{section.13}% 54
\BOOKMARK [2][-]{subsection.13.2}{Sufficiency and information}{section.13}% 55
\BOOKMARK [2][-]{subsection.13.3}{Loss functions and criteria of optimum performance}{section.13}% 56
\BOOKMARK [2][-]{subsection.13.4}{The widget problem}{section.13}% 57
\BOOKMARK [1][-]{section.14}{Paradoxes of probability theory}{}% 58
\BOOKMARK [2][-]{subsection.14.1}{Summing a series the easy way}{section.14}% 59
\BOOKMARK [2][-]{subsection.14.2}{Nonconglomerability}{section.14}% 60
\BOOKMARK [2][-]{subsection.14.3}{The Borel\205Kolmogorov paradox}{section.14}% 61
\BOOKMARK [2][-]{subsection.14.4}{Discussion}{section.14}% 62
\BOOKMARK [1][-]{section.15}{Orthodox methods: historical background}{}% 63
\BOOKMARK [2][-]{subsection.15.1}{Sampling distribution for an estimator}{section.15}% 64
\BOOKMARK [1][-]{section.16}{Principles and pathology of orthodox statistics}{}% 65
\BOOKMARK [2][-]{subsection.16.1}{Information loss}{section.16}% 66
\BOOKMARK [2][-]{subsection.16.2}{Bayesian spectrum analysis}{section.16}% 67
\BOOKMARK [2][-]{subsection.16.3}{Continuing on}{section.16}% 68
\BOOKMARK [1][-]{section.17}{The bold0mu mumu ApApApApApAp distribution and rule of succession}{}% 69
\BOOKMARK [2][-]{subsection.17.1}{Relevance}{section.17}% 70
\BOOKMARK [2][-]{subsection.17.2}{An application}{section.17}% 71
\BOOKMARK [2][-]{subsection.17.3}{Laplace's rule of succession}{section.17}% 72
\BOOKMARK [2][-]{subsection.17.4}{An example of the rule of succession: bass or carp?}{section.17}% 73
\BOOKMARK [2][-]{subsection.17.5}{Generalization of the rule}{section.17}% 74
\BOOKMARK [2][-]{subsection.17.6}{Weight of new evidence}{section.17}% 75
\BOOKMARK [2][-]{subsection.17.7}{Indifference through knowledge or ignorance}{section.17}% 76
\BOOKMARK [2][-]{subsection.17.8}{Carnap's inductive methods}{section.17}% 77
\BOOKMARK [2][-]{subsection.17.9}{More on probability and frequency connections}{section.17}% 78
\BOOKMARK [2][-]{subsection.17.10}{The de Finetti theorem}{section.17}% 79
\BOOKMARK [1][-]{section.18}{Physical measurements}{}% 80
\BOOKMARK [2][-]{subsection.18.1}{Reduction of equations of condition}{section.18}% 81
\BOOKMARK [1][-]{section.19}{Model comparison}{}% 82
\BOOKMARK [2][-]{subsection.19.1}{Formulation of the problem}{section.19}% 83
\BOOKMARK [2][-]{subsection.19.2}{Fair judge vs. cruel realist}{section.19}% 84
\BOOKMARK [1][-]{section.20}{Some quotes}{}% 85
